Copyright 1986-2022 Xilinx, Inc. All Rights Reserved. Copyright 2022-2023 Advanced Micro Devices, Inc. All Rights Reserved.
---------------------------------------------------------------------------------------------------------------------------------------------
| Tool Version : Vivado v.2023.1 (lin64) Build 3865809 Sun May  7 15:04:56 MDT 2023
| Date         : Wed Jun 14 14:54:16 2023
| Host         : xjh-linux-pc running 64-bit Ubuntu 22.04.2 LTS
| Command      : report_control_sets -verbose -file top_control_sets_placed.rpt
| Design       : top
| Device       : xc7a100t
---------------------------------------------------------------------------------------------------------------------------------------------

Control Set Information

Table of Contents
-----------------
1. Summary
2. Histogram
3. Flip-Flop Distribution
4. Detailed Control Set Information

1. Summary
----------

+----------------------------------------------------------+-------+
|                          Status                          | Count |
+----------------------------------------------------------+-------+
| Total control sets                                       |    24 |
|    Minimum number of control sets                        |    24 |
|    Addition due to synthesis replication                 |     0 |
|    Addition due to physical synthesis replication        |     0 |
| Unused register locations in slices containing registers |    60 |
+----------------------------------------------------------+-------+
* Control sets can be merged at opt_design using control_set_merge or merge_equivalent_drivers
** Run report_qor_suggestions for automated merging and remapping suggestions


2. Histogram
------------

+--------------------+-------+
|       Fanout       | Count |
+--------------------+-------+
| Total control sets |    24 |
| >= 0 to < 4        |     1 |
| >= 4 to < 6        |     7 |
| >= 6 to < 8        |     2 |
| >= 8 to < 10       |    10 |
| >= 10 to < 12      |     0 |
| >= 12 to < 14      |     0 |
| >= 14 to < 16      |     0 |
| >= 16              |     4 |
+--------------------+-------+
* Control sets can be remapped at either synth_design or opt_design


3. Flip-Flop Distribution
-------------------------

+--------------+-----------------------+------------------------+-----------------+--------------+
| Clock Enable | Synchronous Set/Reset | Asynchronous Set/Reset | Total Registers | Total Slices |
+--------------+-----------------------+------------------------+-----------------+--------------+
| No           | No                    | No                     |               6 |            3 |
| No           | No                    | Yes                    |              54 |           18 |
| No           | Yes                   | No                     |              25 |            8 |
| Yes          | No                    | No                     |              11 |            2 |
| Yes          | No                    | Yes                    |             228 |           47 |
| Yes          | Yes                   | No                     |               0 |            0 |
+--------------+-----------------------+------------------------+-----------------+--------------+


4. Detailed Control Set Information
-----------------------------------

+----------------------+-----------------------------------------------------+---------------------------------------------+------------------+----------------+--------------+
|     Clock Signal     |                    Enable Signal                    |               Set/Reset Signal              | Slice Load Count | Bel Load Count | Bels / Slice |
+----------------------+-----------------------------------------------------+---------------------------------------------+------------------+----------------+--------------+
|  CLK100MHZ_IBUF_BUFG | uart_send_b8_inst/uart_send_inst/uart_txd_i_1_n_0   | uart_recv_b8_inst/uart_recv_inst/CPU_RESETN |                1 |              1 |         1.00 |
|  CLK100MHZ_IBUF_BUFG | uart_send_b8_inst/tx_cnt[2]_i_1_n_0                 | uart_recv_b8_inst/uart_recv_inst/CPU_RESETN |                1 |              4 |         4.00 |
|  CLK100MHZ_IBUF_BUFG | uart_recv_b8_inst/uart_recv_inst/rx_cnt0            | uart_recv_b8_inst/uart_recv_inst/CPU_RESETN |                1 |              4 |         4.00 |
|  CLK100MHZ_IBUF_BUFG |                                                     | led_inst/AN[3]_i_1_n_0                      |                1 |              4 |         4.00 |
|  CLK100MHZ_IBUF_BUFG |                                                     | led_inst/counter_AN_reg__0[3]               |                2 |              4 |         2.00 |
|  CLK100MHZ_IBUF_BUFG | uart_send_b8_inst/uart_send_inst/tx_cnt0            | uart_recv_b8_inst/uart_recv_inst/CPU_RESETN |                2 |              4 |         2.00 |
|  CLK100MHZ_IBUF_BUFG | uart_recv_b8_inst/rx_cnt[3]_i_1__0_n_0              | uart_recv_b8_inst/uart_recv_inst/CPU_RESETN |                1 |              4 |         4.00 |
|  CLK100MHZ_IBUF_BUFG | led_inst/one_ms                                     |                                             |                1 |              4 |         4.00 |
|  CLK100MHZ_IBUF_BUFG |                                                     |                                             |                3 |              6 |         2.00 |
|  CLK100MHZ_IBUF_BUFG | led_inst/__0/i__n_0                                 |                                             |                1 |              7 |         7.00 |
|  CLK100MHZ_IBUF_BUFG | uart_recv_b8_inst/tp_uart_data[39]_i_1_n_0          | uart_recv_b8_inst/uart_recv_inst/CPU_RESETN |                1 |              8 |         8.00 |
|  CLK100MHZ_IBUF_BUFG | uart_recv_b8_inst/tp_uart_data[15]_i_1_n_0          | uart_recv_b8_inst/uart_recv_inst/CPU_RESETN |                1 |              8 |         8.00 |
|  CLK100MHZ_IBUF_BUFG | uart_recv_b8_inst/tp_uart_data[63]_i_1_n_0          | uart_recv_b8_inst/uart_recv_inst/CPU_RESETN |                3 |              8 |         2.67 |
|  CLK100MHZ_IBUF_BUFG | uart_recv_b8_inst/tp_uart_data[55]_i_1_n_0          | uart_recv_b8_inst/uart_recv_inst/CPU_RESETN |                1 |              8 |         8.00 |
|  CLK100MHZ_IBUF_BUFG | uart_recv_b8_inst/tp_uart_data[47]_i_1_n_0          | uart_recv_b8_inst/uart_recv_inst/CPU_RESETN |                1 |              8 |         8.00 |
|  CLK100MHZ_IBUF_BUFG | uart_recv_b8_inst/tp_uart_data[31]_i_1_n_0          | uart_recv_b8_inst/uart_recv_inst/CPU_RESETN |                1 |              8 |         8.00 |
|  CLK100MHZ_IBUF_BUFG | uart_recv_b8_inst/tp_uart_data[23]_i_1_n_0          | uart_recv_b8_inst/uart_recv_inst/CPU_RESETN |                2 |              8 |         4.00 |
|  CLK100MHZ_IBUF_BUFG | uart_send_b8_inst/tx_cnt_reg[3]_inv_n_0             | uart_recv_b8_inst/uart_recv_inst/CPU_RESETN |                6 |              8 |         1.33 |
|  CLK100MHZ_IBUF_BUFG | uart_recv_b8_inst/tp_uart_data[7]_i_1_n_0           | uart_recv_b8_inst/uart_recv_inst/CPU_RESETN |                1 |              8 |         8.00 |
|  CLK100MHZ_IBUF_BUFG | uart_send_b8_inst/uart_send_inst/tx_data[7]_i_1_n_0 | uart_recv_b8_inst/uart_recv_inst/CPU_RESETN |                2 |              9 |         4.50 |
|  CLK100MHZ_IBUF_BUFG |                                                     | led_inst/counter[0]_i_1_n_0                 |                5 |             17 |         3.40 |
|  CLK100MHZ_IBUF_BUFG |                                                     | uart_recv_b8_inst/uart_recv_inst/CPU_RESETN |               18 |             54 |         3.00 |
|  CLK100MHZ_IBUF_BUFG | uart_recv_b8_inst/uart_data[63]_i_1_n_0             | uart_recv_b8_inst/uart_recv_inst/CPU_RESETN |               11 |             64 |         5.82 |
|  CLK100MHZ_IBUF_BUFG | uart_loop_inst/send_data[63]_i_1_n_0                | uart_recv_b8_inst/uart_recv_inst/CPU_RESETN |               11 |             66 |         6.00 |
+----------------------+-----------------------------------------------------+---------------------------------------------+------------------+----------------+--------------+


